   1              		.syntax unified
   2              		.cpu cortex-m3
   3              		.eabi_attribute 27, 3
   4              		.fpu fpv4-sp-d16
   5              		.eabi_attribute 20, 1
   6              		.eabi_attribute 21, 1
   7              		.eabi_attribute 23, 3
   8              		.eabi_attribute 24, 1
   9              		.eabi_attribute 25, 1
  10              		.eabi_attribute 26, 1
  11              		.eabi_attribute 30, 6
  12              		.eabi_attribute 34, 1
  13              		.eabi_attribute 18, 4
  14              		.thumb
  15              		.file	"stm32f30x_misc.c"
  16              		.text
  17              	.Ltext0:
  18              		.cfi_sections	.debug_frame
  19              		.section	.text.NVIC_PriorityGroupConfig,"ax",%progbits
  20              		.align	2
  21              		.global	NVIC_PriorityGroupConfig
  22              		.thumb
  23              		.thumb_func
  25              	NVIC_PriorityGroupConfig:
  26              	.LFB110:
  27              		.file 1 "libs/STM32F30x_StdPeriph_Driver/src/stm32f30x_misc.c"
   1:libs/STM32F30x_StdPeriph_Driver/src/stm32f30x_misc.c **** /**
   2:libs/STM32F30x_StdPeriph_Driver/src/stm32f30x_misc.c ****   ******************************************************************************
   3:libs/STM32F30x_StdPeriph_Driver/src/stm32f30x_misc.c ****   * @file    stm32f30x_misc.c
   4:libs/STM32F30x_StdPeriph_Driver/src/stm32f30x_misc.c ****   * @author  MCD Application Team
   5:libs/STM32F30x_StdPeriph_Driver/src/stm32f30x_misc.c ****   * @version V1.0.1
   6:libs/STM32F30x_StdPeriph_Driver/src/stm32f30x_misc.c ****   * @date    23-October-2012
   7:libs/STM32F30x_StdPeriph_Driver/src/stm32f30x_misc.c ****   * @brief   This file provides all the miscellaneous firmware functions (add-on
   8:libs/STM32F30x_StdPeriph_Driver/src/stm32f30x_misc.c ****   *          to CMSIS functions).
   9:libs/STM32F30x_StdPeriph_Driver/src/stm32f30x_misc.c ****   *          
  10:libs/STM32F30x_StdPeriph_Driver/src/stm32f30x_misc.c ****   @verbatim   
  11:libs/STM32F30x_StdPeriph_Driver/src/stm32f30x_misc.c ****                                
  12:libs/STM32F30x_StdPeriph_Driver/src/stm32f30x_misc.c ****  ===============================================================================      
  13:libs/STM32F30x_StdPeriph_Driver/src/stm32f30x_misc.c ****               ##### How to configure Interrupts using driver #####
  14:libs/STM32F30x_StdPeriph_Driver/src/stm32f30x_misc.c ****  ===============================================================================      
  15:libs/STM32F30x_StdPeriph_Driver/src/stm32f30x_misc.c ****     [..] This section provide functions allowing to configure the NVIC interrupts 
  16:libs/STM32F30x_StdPeriph_Driver/src/stm32f30x_misc.c ****          (IRQ). The Cortex-M4 exceptions are managed by CMSIS functions.
  17:libs/STM32F30x_StdPeriph_Driver/src/stm32f30x_misc.c ****          (#) Configure the NVIC Priority Grouping using NVIC_PriorityGroupConfig()
  18:libs/STM32F30x_StdPeriph_Driver/src/stm32f30x_misc.c ****              function according to the following table.
  19:libs/STM32F30x_StdPeriph_Driver/src/stm32f30x_misc.c ****              The table below gives the allowed values of the pre-emption priority 
  20:libs/STM32F30x_StdPeriph_Driver/src/stm32f30x_misc.c ****              and subpriority according to the Priority Grouping configuration 
  21:libs/STM32F30x_StdPeriph_Driver/src/stm32f30x_misc.c ****              performed by NVIC_PriorityGroupConfig function.
  22:libs/STM32F30x_StdPeriph_Driver/src/stm32f30x_misc.c ****          
  23:libs/STM32F30x_StdPeriph_Driver/src/stm32f30x_misc.c ****          (#) Enable and Configure the priority of the selected IRQ Channels.
  24:libs/STM32F30x_StdPeriph_Driver/src/stm32f30x_misc.c ****     [..]
  25:libs/STM32F30x_StdPeriph_Driver/src/stm32f30x_misc.c ****     (@) When the NVIC_PriorityGroup_0 is selected, it will no any nested interrupt,
  26:libs/STM32F30x_StdPeriph_Driver/src/stm32f30x_misc.c ****         the IRQ priority will be managed only by subpriority.
  27:libs/STM32F30x_StdPeriph_Driver/src/stm32f30x_misc.c ****         The sub-priority is only used to sort pending exception priorities, 
  28:libs/STM32F30x_StdPeriph_Driver/src/stm32f30x_misc.c ****         and does not affect active exceptions.
  29:libs/STM32F30x_StdPeriph_Driver/src/stm32f30x_misc.c ****     (@) Lower priority values gives higher priority.
  30:libs/STM32F30x_StdPeriph_Driver/src/stm32f30x_misc.c ****     (@) Priority Order:
  31:libs/STM32F30x_StdPeriph_Driver/src/stm32f30x_misc.c ****         (#@) Lowest Preemption priority.
  32:libs/STM32F30x_StdPeriph_Driver/src/stm32f30x_misc.c ****         (#@) Lowest Subpriority.
  33:libs/STM32F30x_StdPeriph_Driver/src/stm32f30x_misc.c ****         (#@) Lowest hardware priority (IRQn position).
  34:libs/STM32F30x_StdPeriph_Driver/src/stm32f30x_misc.c **** 
  35:libs/STM32F30x_StdPeriph_Driver/src/stm32f30x_misc.c ****   @endverbatim
  36:libs/STM32F30x_StdPeriph_Driver/src/stm32f30x_misc.c **** 
  37:libs/STM32F30x_StdPeriph_Driver/src/stm32f30x_misc.c ****   ******************************************************************************
  38:libs/STM32F30x_StdPeriph_Driver/src/stm32f30x_misc.c ****   * @attention
  39:libs/STM32F30x_StdPeriph_Driver/src/stm32f30x_misc.c ****   *
  40:libs/STM32F30x_StdPeriph_Driver/src/stm32f30x_misc.c ****   * <h2><center>&copy; COPYRIGHT 2012 STMicroelectronics</center></h2>
  41:libs/STM32F30x_StdPeriph_Driver/src/stm32f30x_misc.c ****   *
  42:libs/STM32F30x_StdPeriph_Driver/src/stm32f30x_misc.c ****   * Licensed under MCD-ST Liberty SW License Agreement V2, (the "License");
  43:libs/STM32F30x_StdPeriph_Driver/src/stm32f30x_misc.c ****   * You may not use this file except in compliance with the License.
  44:libs/STM32F30x_StdPeriph_Driver/src/stm32f30x_misc.c ****   * You may obtain a copy of the License at:
  45:libs/STM32F30x_StdPeriph_Driver/src/stm32f30x_misc.c ****   *
  46:libs/STM32F30x_StdPeriph_Driver/src/stm32f30x_misc.c ****   *        http://www.st.com/software_license_agreement_liberty_v2
  47:libs/STM32F30x_StdPeriph_Driver/src/stm32f30x_misc.c ****   *
  48:libs/STM32F30x_StdPeriph_Driver/src/stm32f30x_misc.c ****   * Unless required by applicable law or agreed to in writing, software 
  49:libs/STM32F30x_StdPeriph_Driver/src/stm32f30x_misc.c ****   * distributed under the License is distributed on an "AS IS" BASIS, 
  50:libs/STM32F30x_StdPeriph_Driver/src/stm32f30x_misc.c ****   * WITHOUT WARRANTIES OR CONDITIONS OF ANY KIND, either express or implied.
  51:libs/STM32F30x_StdPeriph_Driver/src/stm32f30x_misc.c ****   * See the License for the specific language governing permissions and
  52:libs/STM32F30x_StdPeriph_Driver/src/stm32f30x_misc.c ****   * limitations under the License.
  53:libs/STM32F30x_StdPeriph_Driver/src/stm32f30x_misc.c ****   *
  54:libs/STM32F30x_StdPeriph_Driver/src/stm32f30x_misc.c ****   ******************************************************************************
  55:libs/STM32F30x_StdPeriph_Driver/src/stm32f30x_misc.c ****   */
  56:libs/STM32F30x_StdPeriph_Driver/src/stm32f30x_misc.c **** 
  57:libs/STM32F30x_StdPeriph_Driver/src/stm32f30x_misc.c **** /* Includes ------------------------------------------------------------------*/
  58:libs/STM32F30x_StdPeriph_Driver/src/stm32f30x_misc.c **** #include "stm32f30x_misc.h"
  59:libs/STM32F30x_StdPeriph_Driver/src/stm32f30x_misc.c **** 
  60:libs/STM32F30x_StdPeriph_Driver/src/stm32f30x_misc.c **** /** @addtogroup STM32F30x_StdPeriph_Driver
  61:libs/STM32F30x_StdPeriph_Driver/src/stm32f30x_misc.c ****   * @{
  62:libs/STM32F30x_StdPeriph_Driver/src/stm32f30x_misc.c ****   */
  63:libs/STM32F30x_StdPeriph_Driver/src/stm32f30x_misc.c **** 
  64:libs/STM32F30x_StdPeriph_Driver/src/stm32f30x_misc.c **** /** @defgroup MISC 
  65:libs/STM32F30x_StdPeriph_Driver/src/stm32f30x_misc.c ****   * @brief MISC driver modules
  66:libs/STM32F30x_StdPeriph_Driver/src/stm32f30x_misc.c ****   * @{
  67:libs/STM32F30x_StdPeriph_Driver/src/stm32f30x_misc.c ****   */
  68:libs/STM32F30x_StdPeriph_Driver/src/stm32f30x_misc.c **** 
  69:libs/STM32F30x_StdPeriph_Driver/src/stm32f30x_misc.c **** /* Private typedef -----------------------------------------------------------*/
  70:libs/STM32F30x_StdPeriph_Driver/src/stm32f30x_misc.c **** /* Private define ------------------------------------------------------------*/
  71:libs/STM32F30x_StdPeriph_Driver/src/stm32f30x_misc.c **** #define AIRCR_VECTKEY_MASK    ((uint32_t)0x05FA0000)
  72:libs/STM32F30x_StdPeriph_Driver/src/stm32f30x_misc.c **** 
  73:libs/STM32F30x_StdPeriph_Driver/src/stm32f30x_misc.c **** /* Private macro -------------------------------------------------------------*/
  74:libs/STM32F30x_StdPeriph_Driver/src/stm32f30x_misc.c **** /* Private variables ---------------------------------------------------------*/
  75:libs/STM32F30x_StdPeriph_Driver/src/stm32f30x_misc.c **** /* Private function prototypes -----------------------------------------------*/
  76:libs/STM32F30x_StdPeriph_Driver/src/stm32f30x_misc.c **** /* Private functions ---------------------------------------------------------*/
  77:libs/STM32F30x_StdPeriph_Driver/src/stm32f30x_misc.c **** 
  78:libs/STM32F30x_StdPeriph_Driver/src/stm32f30x_misc.c **** /** @defgroup MISC_Private_Functions
  79:libs/STM32F30x_StdPeriph_Driver/src/stm32f30x_misc.c ****   * @{
  80:libs/STM32F30x_StdPeriph_Driver/src/stm32f30x_misc.c ****   */
  81:libs/STM32F30x_StdPeriph_Driver/src/stm32f30x_misc.c **** 
  82:libs/STM32F30x_StdPeriph_Driver/src/stm32f30x_misc.c **** /**
  83:libs/STM32F30x_StdPeriph_Driver/src/stm32f30x_misc.c ****   * @brief  Configures the priority grouping: pre-emption priority and subpriority.
  84:libs/STM32F30x_StdPeriph_Driver/src/stm32f30x_misc.c ****   * @param  NVIC_PriorityGroup: specifies the priority grouping bits length. 
  85:libs/STM32F30x_StdPeriph_Driver/src/stm32f30x_misc.c ****   *   This parameter can be one of the following values:
  86:libs/STM32F30x_StdPeriph_Driver/src/stm32f30x_misc.c ****   *     @arg NVIC_PriorityGroup_0: 0 bits for pre-emption priority.
  87:libs/STM32F30x_StdPeriph_Driver/src/stm32f30x_misc.c ****   *                                4 bits for subpriority.
  88:libs/STM32F30x_StdPeriph_Driver/src/stm32f30x_misc.c ****   *     @arg NVIC_PriorityGroup_1: 1 bits for pre-emption priority.
  89:libs/STM32F30x_StdPeriph_Driver/src/stm32f30x_misc.c ****   *                                3 bits for subpriority.
  90:libs/STM32F30x_StdPeriph_Driver/src/stm32f30x_misc.c ****   *     @arg NVIC_PriorityGroup_2: 2 bits for pre-emption priority.
  91:libs/STM32F30x_StdPeriph_Driver/src/stm32f30x_misc.c ****   *                                2 bits for subpriority.
  92:libs/STM32F30x_StdPeriph_Driver/src/stm32f30x_misc.c ****   *     @arg NVIC_PriorityGroup_3: 3 bits for pre-emption priority.
  93:libs/STM32F30x_StdPeriph_Driver/src/stm32f30x_misc.c ****   *                                1 bits for subpriority.
  94:libs/STM32F30x_StdPeriph_Driver/src/stm32f30x_misc.c ****   *     @arg NVIC_PriorityGroup_4: 4 bits for pre-emption priority.
  95:libs/STM32F30x_StdPeriph_Driver/src/stm32f30x_misc.c ****   *                                0 bits for subpriority.
  96:libs/STM32F30x_StdPeriph_Driver/src/stm32f30x_misc.c ****   *     @note When NVIC_PriorityGroup_0 is selected, it will no be any nested 
  97:libs/STM32F30x_StdPeriph_Driver/src/stm32f30x_misc.c ****   *           interrupt. This interrupts priority is managed only with subpriority.                
  98:libs/STM32F30x_StdPeriph_Driver/src/stm32f30x_misc.c ****   * @retval None
  99:libs/STM32F30x_StdPeriph_Driver/src/stm32f30x_misc.c ****   */
 100:libs/STM32F30x_StdPeriph_Driver/src/stm32f30x_misc.c **** void NVIC_PriorityGroupConfig(uint32_t NVIC_PriorityGroup)
 101:libs/STM32F30x_StdPeriph_Driver/src/stm32f30x_misc.c **** {
  28              		.loc 1 101 0
  29              		.cfi_startproc
  30              		@ args = 0, pretend = 0, frame = 8
  31              		@ frame_needed = 1, uses_anonymous_args = 0
  32              		@ link register save eliminated.
  33 0000 80B4     		push	{r7}
  34              	.LCFI0:
  35              		.cfi_def_cfa_offset 4
  36              		.cfi_offset 7, -4
  37 0002 83B0     		sub	sp, sp, #12
  38              	.LCFI1:
  39              		.cfi_def_cfa_offset 16
  40 0004 00AF     		add	r7, sp, #0
  41              	.LCFI2:
  42              		.cfi_def_cfa_register 7
  43 0006 7860     		str	r0, [r7, #4]
 102:libs/STM32F30x_StdPeriph_Driver/src/stm32f30x_misc.c ****   /* Check the parameters */
 103:libs/STM32F30x_StdPeriph_Driver/src/stm32f30x_misc.c ****  // assert_param(IS_NVIC_PRIORITY_GROUP(NVIC_PriorityGroup));
 104:libs/STM32F30x_StdPeriph_Driver/src/stm32f30x_misc.c ****   
 105:libs/STM32F30x_StdPeriph_Driver/src/stm32f30x_misc.c ****   /* Set the PRIGROUP[10:8] bits according to NVIC_PriorityGroup value */
 106:libs/STM32F30x_StdPeriph_Driver/src/stm32f30x_misc.c ****   SCB->AIRCR = AIRCR_VECTKEY_MASK | NVIC_PriorityGroup;
  44              		.loc 1 106 0
  45 0008 054A     		ldr	r2, .L2
  46 000a 7B68     		ldr	r3, [r7, #4]
  47 000c 43F0BF63 		orr	r3, r3, #100139008
  48 0010 43F40033 		orr	r3, r3, #131072
  49 0014 D360     		str	r3, [r2, #12]
 107:libs/STM32F30x_StdPeriph_Driver/src/stm32f30x_misc.c **** }
  50              		.loc 1 107 0
  51 0016 07F10C07 		add	r7, r7, #12
  52 001a BD46     		mov	sp, r7
  53 001c 80BC     		pop	{r7}
  54 001e 7047     		bx	lr
  55              	.L3:
  56              		.align	2
  57              	.L2:
  58 0020 00ED00E0 		.word	-536810240
  59              		.cfi_endproc
  60              	.LFE110:
  62              		.section	.text.NVIC_Init,"ax",%progbits
  63              		.align	2
  64              		.global	NVIC_Init
  65              		.thumb
  66              		.thumb_func
  68              	NVIC_Init:
  69              	.LFB111:
 108:libs/STM32F30x_StdPeriph_Driver/src/stm32f30x_misc.c **** 
 109:libs/STM32F30x_StdPeriph_Driver/src/stm32f30x_misc.c **** /**
 110:libs/STM32F30x_StdPeriph_Driver/src/stm32f30x_misc.c ****   * @brief  Initializes the NVIC peripheral according to the specified
 111:libs/STM32F30x_StdPeriph_Driver/src/stm32f30x_misc.c ****   *         parameters in the NVIC_InitStruct.
 112:libs/STM32F30x_StdPeriph_Driver/src/stm32f30x_misc.c ****   * @note   To configure interrupts priority correctly, the NVIC_PriorityGroupConfig()
 113:libs/STM32F30x_StdPeriph_Driver/src/stm32f30x_misc.c ****   *         function should be called before. 
 114:libs/STM32F30x_StdPeriph_Driver/src/stm32f30x_misc.c ****   * @param  NVIC_InitStruct: pointer to a NVIC_InitTypeDef structure that contains
 115:libs/STM32F30x_StdPeriph_Driver/src/stm32f30x_misc.c ****   *         the configuration information for the specified NVIC peripheral.
 116:libs/STM32F30x_StdPeriph_Driver/src/stm32f30x_misc.c ****   * @retval None
 117:libs/STM32F30x_StdPeriph_Driver/src/stm32f30x_misc.c ****   */
 118:libs/STM32F30x_StdPeriph_Driver/src/stm32f30x_misc.c **** void NVIC_Init(NVIC_InitTypeDef* NVIC_InitStruct)
 119:libs/STM32F30x_StdPeriph_Driver/src/stm32f30x_misc.c **** {
  70              		.loc 1 119 0
  71              		.cfi_startproc
  72              		@ args = 0, pretend = 0, frame = 24
  73              		@ frame_needed = 1, uses_anonymous_args = 0
  74              		@ link register save eliminated.
  75 0000 80B4     		push	{r7}
  76              	.LCFI3:
  77              		.cfi_def_cfa_offset 4
  78              		.cfi_offset 7, -4
  79 0002 87B0     		sub	sp, sp, #28
  80              	.LCFI4:
  81              		.cfi_def_cfa_offset 32
  82 0004 00AF     		add	r7, sp, #0
  83              	.LCFI5:
  84              		.cfi_def_cfa_register 7
  85 0006 7860     		str	r0, [r7, #4]
 120:libs/STM32F30x_StdPeriph_Driver/src/stm32f30x_misc.c ****   uint32_t tmppriority = 0x00, tmppre = 0x00, tmpsub = 0x0F;
  86              		.loc 1 120 0
  87 0008 4FF00003 		mov	r3, #0
  88 000c 7B61     		str	r3, [r7, #20]
  89 000e 4FF00003 		mov	r3, #0
  90 0012 3B61     		str	r3, [r7, #16]
  91 0014 4FF00F03 		mov	r3, #15
  92 0018 FB60     		str	r3, [r7, #12]
 121:libs/STM32F30x_StdPeriph_Driver/src/stm32f30x_misc.c ****   
 122:libs/STM32F30x_StdPeriph_Driver/src/stm32f30x_misc.c ****   /* Check the parameters */
 123:libs/STM32F30x_StdPeriph_Driver/src/stm32f30x_misc.c ****   //assert_param(IS_FUNCTIONAL_STATE(NVIC_InitStruct->NVIC_IRQChannelCmd));
 124:libs/STM32F30x_StdPeriph_Driver/src/stm32f30x_misc.c ****   //assert_param(IS_NVIC_PREEMPTION_PRIORITY(NVIC_InitStruct->NVIC_IRQChannelPreemptionPriority)); 
 125:libs/STM32F30x_StdPeriph_Driver/src/stm32f30x_misc.c ****   //assert_param(IS_NVIC_SUB_PRIORITY(NVIC_InitStruct->NVIC_IRQChannelSubPriority));
 126:libs/STM32F30x_StdPeriph_Driver/src/stm32f30x_misc.c ****     
 127:libs/STM32F30x_StdPeriph_Driver/src/stm32f30x_misc.c ****   if (NVIC_InitStruct->NVIC_IRQChannelCmd != DISABLE)
  93              		.loc 1 127 0
  94 001a 7B68     		ldr	r3, [r7, #4]
  95 001c DB78     		ldrb	r3, [r3, #3]	@ zero_extendqisi2
  96 001e 002B     		cmp	r3, #0
  97 0020 3DD0     		beq	.L5
 128:libs/STM32F30x_StdPeriph_Driver/src/stm32f30x_misc.c ****   {
 129:libs/STM32F30x_StdPeriph_Driver/src/stm32f30x_misc.c ****     /* Compute the Corresponding IRQ Priority --------------------------------*/    
 130:libs/STM32F30x_StdPeriph_Driver/src/stm32f30x_misc.c ****     tmppriority = (0x700 - ((SCB->AIRCR) & (uint32_t)0x700))>> 0x08;
  98              		.loc 1 130 0
  99 0022 2A4B     		ldr	r3, .L7
 100 0024 DB68     		ldr	r3, [r3, #12]
 101 0026 6FEA0303 		mvn	r3, r3
 102 002a 03F4E063 		and	r3, r3, #1792
 103 002e 4FEA1323 		lsr	r3, r3, #8
 104 0032 7B61     		str	r3, [r7, #20]
 131:libs/STM32F30x_StdPeriph_Driver/src/stm32f30x_misc.c ****     tmppre = (0x4 - tmppriority);
 105              		.loc 1 131 0
 106 0034 7B69     		ldr	r3, [r7, #20]
 107 0036 C3F10403 		rsb	r3, r3, #4
 108 003a 3B61     		str	r3, [r7, #16]
 132:libs/STM32F30x_StdPeriph_Driver/src/stm32f30x_misc.c ****     tmpsub = tmpsub >> tmppriority;
 109              		.loc 1 132 0
 110 003c 7B69     		ldr	r3, [r7, #20]
 111 003e FA68     		ldr	r2, [r7, #12]
 112 0040 22FA03F3 		lsr	r3, r2, r3
 113 0044 FB60     		str	r3, [r7, #12]
 133:libs/STM32F30x_StdPeriph_Driver/src/stm32f30x_misc.c **** 
 134:libs/STM32F30x_StdPeriph_Driver/src/stm32f30x_misc.c ****     tmppriority = (uint32_t)NVIC_InitStruct->NVIC_IRQChannelPreemptionPriority << tmppre;
 114              		.loc 1 134 0
 115 0046 7B68     		ldr	r3, [r7, #4]
 116 0048 5B78     		ldrb	r3, [r3, #1]	@ zero_extendqisi2
 117 004a 1A46     		mov	r2, r3
 118 004c 3B69     		ldr	r3, [r7, #16]
 119 004e 02FA03F3 		lsl	r3, r2, r3
 120 0052 7B61     		str	r3, [r7, #20]
 135:libs/STM32F30x_StdPeriph_Driver/src/stm32f30x_misc.c ****     tmppriority |=  NVIC_InitStruct->NVIC_IRQChannelSubPriority & tmpsub;
 121              		.loc 1 135 0
 122 0054 7B68     		ldr	r3, [r7, #4]
 123 0056 9B78     		ldrb	r3, [r3, #2]	@ zero_extendqisi2
 124 0058 1A46     		mov	r2, r3
 125 005a FB68     		ldr	r3, [r7, #12]
 126 005c 1340     		ands	r3, r3, r2
 127 005e 7A69     		ldr	r2, [r7, #20]
 128 0060 1343     		orrs	r3, r3, r2
 129 0062 7B61     		str	r3, [r7, #20]
 136:libs/STM32F30x_StdPeriph_Driver/src/stm32f30x_misc.c ****     tmppriority = tmppriority << 0x04;
 130              		.loc 1 136 0
 131 0064 7B69     		ldr	r3, [r7, #20]
 132 0066 4FEA0313 		lsl	r3, r3, #4
 133 006a 7B61     		str	r3, [r7, #20]
 137:libs/STM32F30x_StdPeriph_Driver/src/stm32f30x_misc.c ****         
 138:libs/STM32F30x_StdPeriph_Driver/src/stm32f30x_misc.c ****     NVIC->IP[NVIC_InitStruct->NVIC_IRQChannel] = tmppriority;
 134              		.loc 1 138 0
 135 006c 1849     		ldr	r1, .L7+4
 136 006e 7B68     		ldr	r3, [r7, #4]
 137 0070 1B78     		ldrb	r3, [r3, #0]	@ zero_extendqisi2
 138 0072 7A69     		ldr	r2, [r7, #20]
 139 0074 D2B2     		uxtb	r2, r2
 140 0076 CB18     		adds	r3, r1, r3
 141 0078 83F80023 		strb	r2, [r3, #768]
 139:libs/STM32F30x_StdPeriph_Driver/src/stm32f30x_misc.c ****     
 140:libs/STM32F30x_StdPeriph_Driver/src/stm32f30x_misc.c ****     /* Enable the Selected IRQ Channels --------------------------------------*/
 141:libs/STM32F30x_StdPeriph_Driver/src/stm32f30x_misc.c ****     NVIC->ISER[NVIC_InitStruct->NVIC_IRQChannel >> 0x05] =
 142              		.loc 1 141 0
 143 007c 144B     		ldr	r3, .L7+4
 144 007e 7A68     		ldr	r2, [r7, #4]
 145 0080 1278     		ldrb	r2, [r2, #0]	@ zero_extendqisi2
 146 0082 4FEA5212 		lsr	r2, r2, #5
 147 0086 D2B2     		uxtb	r2, r2
 142:libs/STM32F30x_StdPeriph_Driver/src/stm32f30x_misc.c ****       (uint32_t)0x01 << (NVIC_InitStruct->NVIC_IRQChannel & (uint8_t)0x1F);
 148              		.loc 1 142 0
 149 0088 7968     		ldr	r1, [r7, #4]
 150 008a 0978     		ldrb	r1, [r1, #0]	@ zero_extendqisi2
 151 008c 01F01F01 		and	r1, r1, #31
 152 0090 4FF00100 		mov	r0, #1
 153 0094 00FA01F1 		lsl	r1, r0, r1
 141:libs/STM32F30x_StdPeriph_Driver/src/stm32f30x_misc.c ****     NVIC->ISER[NVIC_InitStruct->NVIC_IRQChannel >> 0x05] =
 154              		.loc 1 141 0
 155 0098 43F82210 		str	r1, [r3, r2, lsl #2]
 156 009c 11E0     		b	.L4
 157              	.L5:
 143:libs/STM32F30x_StdPeriph_Driver/src/stm32f30x_misc.c ****   }
 144:libs/STM32F30x_StdPeriph_Driver/src/stm32f30x_misc.c ****   else
 145:libs/STM32F30x_StdPeriph_Driver/src/stm32f30x_misc.c ****   {
 146:libs/STM32F30x_StdPeriph_Driver/src/stm32f30x_misc.c ****     /* Disable the Selected IRQ Channels -------------------------------------*/
 147:libs/STM32F30x_StdPeriph_Driver/src/stm32f30x_misc.c ****     NVIC->ICER[NVIC_InitStruct->NVIC_IRQChannel >> 0x05] =
 158              		.loc 1 147 0
 159 009e 0C4B     		ldr	r3, .L7+4
 160 00a0 7A68     		ldr	r2, [r7, #4]
 161 00a2 1278     		ldrb	r2, [r2, #0]	@ zero_extendqisi2
 162 00a4 4FEA5212 		lsr	r2, r2, #5
 163 00a8 D2B2     		uxtb	r2, r2
 148:libs/STM32F30x_StdPeriph_Driver/src/stm32f30x_misc.c ****       (uint32_t)0x01 << (NVIC_InitStruct->NVIC_IRQChannel & (uint8_t)0x1F);
 164              		.loc 1 148 0
 165 00aa 7968     		ldr	r1, [r7, #4]
 166 00ac 0978     		ldrb	r1, [r1, #0]	@ zero_extendqisi2
 167 00ae 01F01F01 		and	r1, r1, #31
 168 00b2 4FF00100 		mov	r0, #1
 169 00b6 00FA01F1 		lsl	r1, r0, r1
 147:libs/STM32F30x_StdPeriph_Driver/src/stm32f30x_misc.c ****     NVIC->ICER[NVIC_InitStruct->NVIC_IRQChannel >> 0x05] =
 170              		.loc 1 147 0
 171 00ba 02F12002 		add	r2, r2, #32
 172 00be 43F82210 		str	r1, [r3, r2, lsl #2]
 173              	.L4:
 149:libs/STM32F30x_StdPeriph_Driver/src/stm32f30x_misc.c ****   }
 150:libs/STM32F30x_StdPeriph_Driver/src/stm32f30x_misc.c **** }
 174              		.loc 1 150 0
 175 00c2 07F11C07 		add	r7, r7, #28
 176 00c6 BD46     		mov	sp, r7
 177 00c8 80BC     		pop	{r7}
 178 00ca 7047     		bx	lr
 179              	.L8:
 180              		.align	2
 181              	.L7:
 182 00cc 00ED00E0 		.word	-536810240
 183 00d0 00E100E0 		.word	-536813312
 184              		.cfi_endproc
 185              	.LFE111:
 187              		.section	.text.NVIC_SetVectorTable,"ax",%progbits
 188              		.align	2
 189              		.global	NVIC_SetVectorTable
 190              		.thumb
 191              		.thumb_func
 193              	NVIC_SetVectorTable:
 194              	.LFB112:
 151:libs/STM32F30x_StdPeriph_Driver/src/stm32f30x_misc.c **** 
 152:libs/STM32F30x_StdPeriph_Driver/src/stm32f30x_misc.c **** /**
 153:libs/STM32F30x_StdPeriph_Driver/src/stm32f30x_misc.c ****   * @brief  Sets the vector table location and Offset.
 154:libs/STM32F30x_StdPeriph_Driver/src/stm32f30x_misc.c ****   * @param  NVIC_VectTab: specifies if the vector table is in RAM or FLASH memory.
 155:libs/STM32F30x_StdPeriph_Driver/src/stm32f30x_misc.c ****   *   This parameter can be one of the following values:
 156:libs/STM32F30x_StdPeriph_Driver/src/stm32f30x_misc.c ****   *     @arg NVIC_VectTab_RAM
 157:libs/STM32F30x_StdPeriph_Driver/src/stm32f30x_misc.c ****   *     @arg NVIC_VectTab_FLASH
 158:libs/STM32F30x_StdPeriph_Driver/src/stm32f30x_misc.c ****   * @param  Offset: Vector Table base offset field. This value must be a multiple of 0x200.
 159:libs/STM32F30x_StdPeriph_Driver/src/stm32f30x_misc.c ****   * @retval None
 160:libs/STM32F30x_StdPeriph_Driver/src/stm32f30x_misc.c ****   */
 161:libs/STM32F30x_StdPeriph_Driver/src/stm32f30x_misc.c **** void NVIC_SetVectorTable(uint32_t NVIC_VectTab, uint32_t Offset)
 162:libs/STM32F30x_StdPeriph_Driver/src/stm32f30x_misc.c **** { 
 195              		.loc 1 162 0
 196              		.cfi_startproc
 197              		@ args = 0, pretend = 0, frame = 8
 198              		@ frame_needed = 1, uses_anonymous_args = 0
 199              		@ link register save eliminated.
 200 0000 80B4     		push	{r7}
 201              	.LCFI6:
 202              		.cfi_def_cfa_offset 4
 203              		.cfi_offset 7, -4
 204 0002 83B0     		sub	sp, sp, #12
 205              	.LCFI7:
 206              		.cfi_def_cfa_offset 16
 207 0004 00AF     		add	r7, sp, #0
 208              	.LCFI8:
 209              		.cfi_def_cfa_register 7
 210 0006 7860     		str	r0, [r7, #4]
 211 0008 3960     		str	r1, [r7, #0]
 163:libs/STM32F30x_StdPeriph_Driver/src/stm32f30x_misc.c ****   /* Check the parameters */
 164:libs/STM32F30x_StdPeriph_Driver/src/stm32f30x_misc.c ****   //assert_param(IS_NVIC_VECTTAB(NVIC_VectTab));
 165:libs/STM32F30x_StdPeriph_Driver/src/stm32f30x_misc.c ****   //assert_param(IS_NVIC_OFFSET(Offset));  
 166:libs/STM32F30x_StdPeriph_Driver/src/stm32f30x_misc.c ****    
 167:libs/STM32F30x_StdPeriph_Driver/src/stm32f30x_misc.c ****   SCB->VTOR = NVIC_VectTab | (Offset & (uint32_t)0x1FFFFF80);
 212              		.loc 1 167 0
 213 000a 074A     		ldr	r2, .L10
 214 000c 3B68     		ldr	r3, [r7, #0]
 215 000e 23F06043 		bic	r3, r3, #-536870912
 216 0012 23F07F03 		bic	r3, r3, #127
 217 0016 7968     		ldr	r1, [r7, #4]
 218 0018 0B43     		orrs	r3, r3, r1
 219 001a 9360     		str	r3, [r2, #8]
 168:libs/STM32F30x_StdPeriph_Driver/src/stm32f30x_misc.c **** }
 220              		.loc 1 168 0
 221 001c 07F10C07 		add	r7, r7, #12
 222 0020 BD46     		mov	sp, r7
 223 0022 80BC     		pop	{r7}
 224 0024 7047     		bx	lr
 225              	.L11:
 226 0026 00BF     		.align	2
 227              	.L10:
 228 0028 00ED00E0 		.word	-536810240
 229              		.cfi_endproc
 230              	.LFE112:
 232              		.section	.text.NVIC_SystemLPConfig,"ax",%progbits
 233              		.align	2
 234              		.global	NVIC_SystemLPConfig
 235              		.thumb
 236              		.thumb_func
 238              	NVIC_SystemLPConfig:
 239              	.LFB113:
 169:libs/STM32F30x_StdPeriph_Driver/src/stm32f30x_misc.c **** 
 170:libs/STM32F30x_StdPeriph_Driver/src/stm32f30x_misc.c **** /**
 171:libs/STM32F30x_StdPeriph_Driver/src/stm32f30x_misc.c ****   * @brief  Selects the condition for the system to enter low power mode.
 172:libs/STM32F30x_StdPeriph_Driver/src/stm32f30x_misc.c ****   * @param  LowPowerMode: Specifies the new mode for the system to enter low power mode.
 173:libs/STM32F30x_StdPeriph_Driver/src/stm32f30x_misc.c ****   *   This parameter can be one of the following values:
 174:libs/STM32F30x_StdPeriph_Driver/src/stm32f30x_misc.c ****   *     @arg NVIC_LP_SEVONPEND
 175:libs/STM32F30x_StdPeriph_Driver/src/stm32f30x_misc.c ****   *     @arg NVIC_LP_SLEEPDEEP
 176:libs/STM32F30x_StdPeriph_Driver/src/stm32f30x_misc.c ****   *     @arg NVIC_LP_SLEEPONEXIT
 177:libs/STM32F30x_StdPeriph_Driver/src/stm32f30x_misc.c ****   * @param  NewState: new state of LP condition. This parameter can be: ENABLE or DISABLE.
 178:libs/STM32F30x_StdPeriph_Driver/src/stm32f30x_misc.c ****   * @retval None
 179:libs/STM32F30x_StdPeriph_Driver/src/stm32f30x_misc.c ****   */
 180:libs/STM32F30x_StdPeriph_Driver/src/stm32f30x_misc.c **** void NVIC_SystemLPConfig(uint8_t LowPowerMode, FunctionalState NewState)
 181:libs/STM32F30x_StdPeriph_Driver/src/stm32f30x_misc.c **** {
 240              		.loc 1 181 0
 241              		.cfi_startproc
 242              		@ args = 0, pretend = 0, frame = 8
 243              		@ frame_needed = 1, uses_anonymous_args = 0
 244              		@ link register save eliminated.
 245 0000 80B4     		push	{r7}
 246              	.LCFI9:
 247              		.cfi_def_cfa_offset 4
 248              		.cfi_offset 7, -4
 249 0002 83B0     		sub	sp, sp, #12
 250              	.LCFI10:
 251              		.cfi_def_cfa_offset 16
 252 0004 00AF     		add	r7, sp, #0
 253              	.LCFI11:
 254              		.cfi_def_cfa_register 7
 255 0006 0246     		mov	r2, r0
 256 0008 0B46     		mov	r3, r1
 257 000a FA71     		strb	r2, [r7, #7]
 258 000c BB71     		strb	r3, [r7, #6]
 182:libs/STM32F30x_StdPeriph_Driver/src/stm32f30x_misc.c ****   /* Check the parameters */
 183:libs/STM32F30x_StdPeriph_Driver/src/stm32f30x_misc.c ****   //assert_param(IS_NVIC_LP(LowPowerMode));
 184:libs/STM32F30x_StdPeriph_Driver/src/stm32f30x_misc.c ****   //assert_param(IS_FUNCTIONAL_STATE(NewState));  
 185:libs/STM32F30x_StdPeriph_Driver/src/stm32f30x_misc.c ****   
 186:libs/STM32F30x_StdPeriph_Driver/src/stm32f30x_misc.c ****   if (NewState != DISABLE)
 259              		.loc 1 186 0
 260 000e BB79     		ldrb	r3, [r7, #6]	@ zero_extendqisi2
 261 0010 002B     		cmp	r3, #0
 262 0012 06D0     		beq	.L13
 187:libs/STM32F30x_StdPeriph_Driver/src/stm32f30x_misc.c ****   {
 188:libs/STM32F30x_StdPeriph_Driver/src/stm32f30x_misc.c ****     SCB->SCR |= LowPowerMode;
 263              		.loc 1 188 0
 264 0014 094B     		ldr	r3, .L15
 265 0016 094A     		ldr	r2, .L15
 266 0018 1169     		ldr	r1, [r2, #16]
 267 001a FA79     		ldrb	r2, [r7, #7]	@ zero_extendqisi2
 268 001c 0A43     		orrs	r2, r2, r1
 269 001e 1A61     		str	r2, [r3, #16]
 270 0020 07E0     		b	.L12
 271              	.L13:
 189:libs/STM32F30x_StdPeriph_Driver/src/stm32f30x_misc.c ****   }
 190:libs/STM32F30x_StdPeriph_Driver/src/stm32f30x_misc.c ****   else
 191:libs/STM32F30x_StdPeriph_Driver/src/stm32f30x_misc.c ****   {
 192:libs/STM32F30x_StdPeriph_Driver/src/stm32f30x_misc.c ****     SCB->SCR &= (uint32_t)(~(uint32_t)LowPowerMode);
 272              		.loc 1 192 0
 273 0022 064B     		ldr	r3, .L15
 274 0024 054A     		ldr	r2, .L15
 275 0026 1169     		ldr	r1, [r2, #16]
 276 0028 FA79     		ldrb	r2, [r7, #7]	@ zero_extendqisi2
 277 002a 6FEA0202 		mvn	r2, r2
 278 002e 0A40     		ands	r2, r2, r1
 279 0030 1A61     		str	r2, [r3, #16]
 280              	.L12:
 193:libs/STM32F30x_StdPeriph_Driver/src/stm32f30x_misc.c ****   }
 194:libs/STM32F30x_StdPeriph_Driver/src/stm32f30x_misc.c **** }
 281              		.loc 1 194 0
 282 0032 07F10C07 		add	r7, r7, #12
 283 0036 BD46     		mov	sp, r7
 284 0038 80BC     		pop	{r7}
 285 003a 7047     		bx	lr
 286              	.L16:
 287              		.align	2
 288              	.L15:
 289 003c 00ED00E0 		.word	-536810240
 290              		.cfi_endproc
 291              	.LFE113:
 293              		.section	.text.SysTick_CLKSourceConfig,"ax",%progbits
 294              		.align	2
 295              		.global	SysTick_CLKSourceConfig
 296              		.thumb
 297              		.thumb_func
 299              	SysTick_CLKSourceConfig:
 300              	.LFB114:
 195:libs/STM32F30x_StdPeriph_Driver/src/stm32f30x_misc.c **** 
 196:libs/STM32F30x_StdPeriph_Driver/src/stm32f30x_misc.c **** /**
 197:libs/STM32F30x_StdPeriph_Driver/src/stm32f30x_misc.c ****   * @brief  Configures the SysTick clock source.
 198:libs/STM32F30x_StdPeriph_Driver/src/stm32f30x_misc.c ****   * @param  SysTick_CLKSource: specifies the SysTick clock source.
 199:libs/STM32F30x_StdPeriph_Driver/src/stm32f30x_misc.c ****   *   This parameter can be one of the following values:
 200:libs/STM32F30x_StdPeriph_Driver/src/stm32f30x_misc.c ****   *     @arg SysTick_CLKSource_HCLK_Div8: AHB clock divided by 8 selected as SysTick clock source.
 201:libs/STM32F30x_StdPeriph_Driver/src/stm32f30x_misc.c ****   *     @arg SysTick_CLKSource_HCLK: AHB clock selected as SysTick clock source.
 202:libs/STM32F30x_StdPeriph_Driver/src/stm32f30x_misc.c ****   * @retval None
 203:libs/STM32F30x_StdPeriph_Driver/src/stm32f30x_misc.c ****   */
 204:libs/STM32F30x_StdPeriph_Driver/src/stm32f30x_misc.c **** void SysTick_CLKSourceConfig(uint32_t SysTick_CLKSource)
 205:libs/STM32F30x_StdPeriph_Driver/src/stm32f30x_misc.c **** {
 301              		.loc 1 205 0
 302              		.cfi_startproc
 303              		@ args = 0, pretend = 0, frame = 8
 304              		@ frame_needed = 1, uses_anonymous_args = 0
 305              		@ link register save eliminated.
 306 0000 80B4     		push	{r7}
 307              	.LCFI12:
 308              		.cfi_def_cfa_offset 4
 309              		.cfi_offset 7, -4
 310 0002 83B0     		sub	sp, sp, #12
 311              	.LCFI13:
 312              		.cfi_def_cfa_offset 16
 313 0004 00AF     		add	r7, sp, #0
 314              	.LCFI14:
 315              		.cfi_def_cfa_register 7
 316 0006 7860     		str	r0, [r7, #4]
 206:libs/STM32F30x_StdPeriph_Driver/src/stm32f30x_misc.c ****   /* Check the parameters */
 207:libs/STM32F30x_StdPeriph_Driver/src/stm32f30x_misc.c ****   //assert_param(IS_SYSTICK_CLK_SOURCE(SysTick_CLKSource));
 208:libs/STM32F30x_StdPeriph_Driver/src/stm32f30x_misc.c ****   if (SysTick_CLKSource == SysTick_CLKSource_HCLK)
 317              		.loc 1 208 0
 318 0008 7B68     		ldr	r3, [r7, #4]
 319 000a 042B     		cmp	r3, #4
 320 000c 06D1     		bne	.L18
 209:libs/STM32F30x_StdPeriph_Driver/src/stm32f30x_misc.c ****   {
 210:libs/STM32F30x_StdPeriph_Driver/src/stm32f30x_misc.c ****     SysTick->CTRL |= SysTick_CLKSource_HCLK;
 321              		.loc 1 210 0
 322 000e 094B     		ldr	r3, .L20
 323 0010 084A     		ldr	r2, .L20
 324 0012 1268     		ldr	r2, [r2, #0]
 325 0014 42F00402 		orr	r2, r2, #4
 326 0018 1A60     		str	r2, [r3, #0]
 327 001a 05E0     		b	.L17
 328              	.L18:
 211:libs/STM32F30x_StdPeriph_Driver/src/stm32f30x_misc.c ****   }
 212:libs/STM32F30x_StdPeriph_Driver/src/stm32f30x_misc.c ****   else
 213:libs/STM32F30x_StdPeriph_Driver/src/stm32f30x_misc.c ****   {
 214:libs/STM32F30x_StdPeriph_Driver/src/stm32f30x_misc.c ****     SysTick->CTRL &= SysTick_CLKSource_HCLK_Div8;
 329              		.loc 1 214 0
 330 001c 054B     		ldr	r3, .L20
 331 001e 054A     		ldr	r2, .L20
 332 0020 1268     		ldr	r2, [r2, #0]
 333 0022 22F00402 		bic	r2, r2, #4
 334 0026 1A60     		str	r2, [r3, #0]
 335              	.L17:
 215:libs/STM32F30x_StdPeriph_Driver/src/stm32f30x_misc.c ****   }
 216:libs/STM32F30x_StdPeriph_Driver/src/stm32f30x_misc.c **** }
 336              		.loc 1 216 0
 337 0028 07F10C07 		add	r7, r7, #12
 338 002c BD46     		mov	sp, r7
 339 002e 80BC     		pop	{r7}
 340 0030 7047     		bx	lr
 341              	.L21:
 342 0032 00BF     		.align	2
 343              	.L20:
 344 0034 10E000E0 		.word	-536813552
 345              		.cfi_endproc
 346              	.LFE114:
 348              		.text
 349              	.Letext0:
 350              		.file 2 "/home/chaitannya/CodeSourcery/bin/../lib/gcc/arm-none-eabi/4.7.3/../../../../arm-none-eab
 351              		.file 3 "inc/core_cm4.h"
 352              		.file 4 "inc/stm32f30x.h"
 353              		.file 5 "libs/STM32F30x_StdPeriph_Driver/inc/stm32f30x_misc.h"
DEFINED SYMBOLS
                            *ABS*:00000000 stm32f30x_misc.c
     /tmp/ccczIbL5.s:20     .text.NVIC_PriorityGroupConfig:00000000 $t
     /tmp/ccczIbL5.s:25     .text.NVIC_PriorityGroupConfig:00000000 NVIC_PriorityGroupConfig
     /tmp/ccczIbL5.s:58     .text.NVIC_PriorityGroupConfig:00000020 $d
     /tmp/ccczIbL5.s:63     .text.NVIC_Init:00000000 $t
     /tmp/ccczIbL5.s:68     .text.NVIC_Init:00000000 NVIC_Init
     /tmp/ccczIbL5.s:182    .text.NVIC_Init:000000cc $d
     /tmp/ccczIbL5.s:188    .text.NVIC_SetVectorTable:00000000 $t
     /tmp/ccczIbL5.s:193    .text.NVIC_SetVectorTable:00000000 NVIC_SetVectorTable
     /tmp/ccczIbL5.s:228    .text.NVIC_SetVectorTable:00000028 $d
     /tmp/ccczIbL5.s:233    .text.NVIC_SystemLPConfig:00000000 $t
     /tmp/ccczIbL5.s:238    .text.NVIC_SystemLPConfig:00000000 NVIC_SystemLPConfig
     /tmp/ccczIbL5.s:289    .text.NVIC_SystemLPConfig:0000003c $d
     /tmp/ccczIbL5.s:294    .text.SysTick_CLKSourceConfig:00000000 $t
     /tmp/ccczIbL5.s:299    .text.SysTick_CLKSourceConfig:00000000 SysTick_CLKSourceConfig
     /tmp/ccczIbL5.s:344    .text.SysTick_CLKSourceConfig:00000034 $d
                     .debug_frame:00000010 $d

NO UNDEFINED SYMBOLS
