   1              		.syntax unified
   2              		.cpu cortex-m3
   3              		.eabi_attribute 27, 3
   4              		.fpu fpv4-sp-d16
   5              		.eabi_attribute 20, 1
   6              		.eabi_attribute 21, 1
   7              		.eabi_attribute 23, 3
   8              		.eabi_attribute 24, 1
   9              		.eabi_attribute 25, 1
  10              		.eabi_attribute 26, 1
  11              		.eabi_attribute 30, 6
  12              		.eabi_attribute 34, 1
  13              		.eabi_attribute 18, 4
  14              		.thumb
  15              		.file	"stm32f3_discovery.c"
  16              		.text
  17              	.Ltext0:
  18              		.cfi_sections	.debug_frame
  19              		.global	GPIO_PORT
  20              		.section	.data.GPIO_PORT,"aw",%progbits
  21              		.align	2
  24              	GPIO_PORT:
  25 0000 00100048 		.word	1207963648
  26 0004 00100048 		.word	1207963648
  27 0008 00100048 		.word	1207963648
  28 000c 00100048 		.word	1207963648
  29 0010 00100048 		.word	1207963648
  30 0014 00100048 		.word	1207963648
  31 0018 00100048 		.word	1207963648
  32 001c 00100048 		.word	1207963648
  33              		.global	GPIO_PIN
  34              		.section	.rodata.GPIO_PIN,"a",%progbits
  35              		.align	2
  38              	GPIO_PIN:
  39 0000 0002     		.short	512
  40 0002 0001     		.short	256
  41 0004 0004     		.short	1024
  42 0006 0080     		.short	-32768
  43 0008 0008     		.short	2048
  44 000a 0040     		.short	16384
  45 000c 0010     		.short	4096
  46 000e 0020     		.short	8192
  47              		.global	GPIO_CLK
  48              		.section	.rodata.GPIO_CLK,"a",%progbits
  49              		.align	2
  52              	GPIO_CLK:
  53 0000 00002000 		.word	2097152
  54 0004 00002000 		.word	2097152
  55 0008 00002000 		.word	2097152
  56 000c 00002000 		.word	2097152
  57 0010 00002000 		.word	2097152
  58 0014 00002000 		.word	2097152
  59 0018 00002000 		.word	2097152
  60 001c 00002000 		.word	2097152
  61              		.global	BUTTON_PORT
  62              		.section	.data.BUTTON_PORT,"aw",%progbits
  63              		.align	2
  66              	BUTTON_PORT:
  67 0000 00000048 		.word	1207959552
  68              		.global	BUTTON_PIN
  69              		.section	.rodata.BUTTON_PIN,"a",%progbits
  70              		.align	2
  73              	BUTTON_PIN:
  74 0000 0100     		.short	1
  75              		.global	BUTTON_CLK
  76 0002 0000     		.section	.rodata.BUTTON_CLK,"a",%progbits
  77              		.align	2
  80              	BUTTON_CLK:
  81 0000 00000200 		.word	131072
  82              		.global	BUTTON_EXTI_LINE
  83              		.section	.rodata.BUTTON_EXTI_LINE,"a",%progbits
  84              		.align	2
  87              	BUTTON_EXTI_LINE:
  88 0000 0000     		.space	2
  89              		.global	BUTTON_PORT_SOURCE
  90 0002 0000     		.section	.rodata.BUTTON_PORT_SOURCE,"a",%progbits
  91              		.align	2
  94              	BUTTON_PORT_SOURCE:
  95 0000 00       		.space	1
  96              		.global	BUTTON_PIN_SOURCE
  97 0001 000000   		.section	.rodata.BUTTON_PIN_SOURCE,"a",%progbits
  98              		.align	2
 101              	BUTTON_PIN_SOURCE:
 102 0000 00       		.space	1
 103              		.global	BUTTON_IRQn
 104 0001 000000   		.section	.rodata.BUTTON_IRQn,"a",%progbits
 105              		.align	2
 108              	BUTTON_IRQn:
 109 0000 06       		.byte	6
 110 0001 000000   		.section	.text.STM_EVAL_LEDInit,"ax",%progbits
 111              		.align	2
 112              		.global	STM_EVAL_LEDInit
 113              		.thumb
 114              		.thumb_func
 116              	STM_EVAL_LEDInit:
 117              	.LFB110:
 118              		.file 1 "src/stm32f3_discovery.c"
   1:src/stm32f3_discovery.c **** /**
   2:src/stm32f3_discovery.c ****   ******************************************************************************
   3:src/stm32f3_discovery.c ****   * @file    stm32f3_discovery.c
   4:src/stm32f3_discovery.c ****   * @author  MCD Application Team
   5:src/stm32f3_discovery.c ****   * @version V1.1.0
   6:src/stm32f3_discovery.c ****   * @date    20-September-2012
   7:src/stm32f3_discovery.c ****   * @brief   This file provides set of firmware functions to manage Leds and
   8:src/stm32f3_discovery.c ****   *          push-button available on STM32F3-DISCOVERY Kit from STMicroelectronics.
   9:src/stm32f3_discovery.c ****   ******************************************************************************
  10:src/stm32f3_discovery.c ****   * @attention
  11:src/stm32f3_discovery.c ****   *
  12:src/stm32f3_discovery.c ****   * <h2><center>&copy; COPYRIGHT 2012 STMicroelectronics</center></h2>
  13:src/stm32f3_discovery.c ****   *
  14:src/stm32f3_discovery.c ****   * Licensed under MCD-ST Liberty SW License Agreement V2, (the "License");
  15:src/stm32f3_discovery.c ****   * You may not use this file except in compliance with the License.
  16:src/stm32f3_discovery.c ****   * You may obtain a copy of the License at:
  17:src/stm32f3_discovery.c ****   *
  18:src/stm32f3_discovery.c ****   *        http://www.st.com/software_license_agreement_liberty_v2
  19:src/stm32f3_discovery.c ****   *
  20:src/stm32f3_discovery.c ****   * Unless required by applicable law or agreed to in writing, software 
  21:src/stm32f3_discovery.c ****   * distributed under the License is distributed on an "AS IS" BASIS, 
  22:src/stm32f3_discovery.c ****   * WITHOUT WARRANTIES OR CONDITIONS OF ANY KIND, either express or implied.
  23:src/stm32f3_discovery.c ****   * See the License for the specific language governing permissions and
  24:src/stm32f3_discovery.c ****   * limitations under the License.
  25:src/stm32f3_discovery.c ****   *
  26:src/stm32f3_discovery.c ****   ******************************************************************************
  27:src/stm32f3_discovery.c ****   */
  28:src/stm32f3_discovery.c ****   
  29:src/stm32f3_discovery.c **** /* Includes ------------------------------------------------------------------*/
  30:src/stm32f3_discovery.c **** #include "stm32f3_discovery.h"
  31:src/stm32f3_discovery.c **** #include "stm32f30x.h"
  32:src/stm32f3_discovery.c **** //#include<stm32f30x_rcc.h>
  33:src/stm32f3_discovery.c **** //#include<stm32f30x_gpio.h>
  34:src/stm32f3_discovery.c **** //#include<stm32f30x_exti.h>
  35:src/stm32f3_discovery.c **** //#include<stm32f30x_misc.h>
  36:src/stm32f3_discovery.c **** //#include<stm32f30x_syscfg.h>
  37:src/stm32f3_discovery.c **** #include </home/manish/VTS/MEMS-stm32f3/libs/STM32F30x_StdPeriph_Driver/inc/stm32f30x_rcc.h>
  38:src/stm32f3_discovery.c **** #include </home/manish/VTS/MEMS-stm32f3/libs/STM32F30x_StdPeriph_Driver/inc/stm32f30x_gpio.h>
  39:src/stm32f3_discovery.c **** #include </home/manish/VTS/MEMS-stm32f3/libs/STM32F30x_StdPeriph_Driver/inc/stm32f30x_misc.h>
  40:src/stm32f3_discovery.c **** #include </home/manish/VTS/MEMS-stm32f3/libs/STM32F30x_StdPeriph_Driver/inc/stm32f30x_spi.h>
  41:src/stm32f3_discovery.c **** #include </home/manish/VTS/MEMS-stm32f3/libs/STM32F30x_StdPeriph_Driver/inc/stm32f30x_i2c.h>
  42:src/stm32f3_discovery.c **** #include </home/manish/VTS/MEMS-stm32f3/libs/STM32F30x_StdPeriph_Driver/inc/stm32f30x_exti.h>
  43:src/stm32f3_discovery.c **** #include </home/manish/VTS/MEMS-stm32f3/libs/STM32F30x_StdPeriph_Driver/inc/stm32f30x_syscfg.h>
  44:src/stm32f3_discovery.c **** 
  45:src/stm32f3_discovery.c **** /** @addtogroup Utilities
  46:src/stm32f3_discovery.c ****   * @{
  47:src/stm32f3_discovery.c ****   */ 
  48:src/stm32f3_discovery.c **** 
  49:src/stm32f3_discovery.c **** /** @addtogroup STM32F3_DISCOVERY
  50:src/stm32f3_discovery.c ****   * @{
  51:src/stm32f3_discovery.c ****   */   
  52:src/stm32f3_discovery.c ****     
  53:src/stm32f3_discovery.c **** /** @defgroup STM32F3_DISCOVERY_LOW_LEVEL 
  54:src/stm32f3_discovery.c ****   * @brief This file provides set of firmware functions to manage Leds and push-button
  55:src/stm32f3_discovery.c ****   *        available on STM32F3-Discovery Kit from STMicroelectronics.
  56:src/stm32f3_discovery.c ****   * @{
  57:src/stm32f3_discovery.c ****   */ 
  58:src/stm32f3_discovery.c **** 
  59:src/stm32f3_discovery.c **** /** @defgroup STM32F3_DISCOVERY_LOW_LEVEL_Private_TypesDefinitions
  60:src/stm32f3_discovery.c ****   * @{
  61:src/stm32f3_discovery.c ****   */ 
  62:src/stm32f3_discovery.c **** /**
  63:src/stm32f3_discovery.c ****   * @}
  64:src/stm32f3_discovery.c ****   */ 
  65:src/stm32f3_discovery.c **** 
  66:src/stm32f3_discovery.c **** 
  67:src/stm32f3_discovery.c **** /** @defgroup STM32F3_DISCOVERY_LOW_LEVEL_Private_Defines
  68:src/stm32f3_discovery.c ****   * @{
  69:src/stm32f3_discovery.c ****   */ 
  70:src/stm32f3_discovery.c **** /**
  71:src/stm32f3_discovery.c ****   * @}
  72:src/stm32f3_discovery.c ****   */ 
  73:src/stm32f3_discovery.c **** 
  74:src/stm32f3_discovery.c **** 
  75:src/stm32f3_discovery.c **** /** @defgroup STM32F3_DISCOVERY_LOW_LEVEL_Private_Macros
  76:src/stm32f3_discovery.c ****   * @{
  77:src/stm32f3_discovery.c ****   */ 
  78:src/stm32f3_discovery.c **** /**
  79:src/stm32f3_discovery.c ****   * @}
  80:src/stm32f3_discovery.c ****   */ 
  81:src/stm32f3_discovery.c **** 
  82:src/stm32f3_discovery.c **** 
  83:src/stm32f3_discovery.c **** /** @defgroup STM32F3_DISCOVERY_LOW_LEVEL_Private_Variables
  84:src/stm32f3_discovery.c ****   * @{
  85:src/stm32f3_discovery.c ****   */ 
  86:src/stm32f3_discovery.c **** GPIO_TypeDef* GPIO_PORT[LEDn] = {LED3_GPIO_PORT, LED4_GPIO_PORT, LED5_GPIO_PORT,
  87:src/stm32f3_discovery.c ****                                  LED6_GPIO_PORT, LED7_GPIO_PORT, LED8_GPIO_PORT,
  88:src/stm32f3_discovery.c ****                                  LED9_GPIO_PORT, LED10_GPIO_PORT };
  89:src/stm32f3_discovery.c **** const uint16_t GPIO_PIN[LEDn] = {LED3_PIN, LED4_PIN, LED5_PIN, LED6_PIN,
  90:src/stm32f3_discovery.c ****                                  LED7_PIN, LED8_PIN, LED9_PIN, LED10_PIN};
  91:src/stm32f3_discovery.c **** const uint32_t GPIO_CLK[LEDn] = {LED3_GPIO_CLK, LED4_GPIO_CLK, LED5_GPIO_CLK,
  92:src/stm32f3_discovery.c ****                                  LED6_GPIO_CLK, LED7_GPIO_CLK, LED8_GPIO_CLK,
  93:src/stm32f3_discovery.c ****                                  LED9_GPIO_CLK, LED10_GPIO_CLK};
  94:src/stm32f3_discovery.c **** 
  95:src/stm32f3_discovery.c **** GPIO_TypeDef* BUTTON_PORT[BUTTONn] = {USER_BUTTON_GPIO_PORT }; 
  96:src/stm32f3_discovery.c **** 
  97:src/stm32f3_discovery.c **** const uint16_t BUTTON_PIN[BUTTONn] = {USER_BUTTON_PIN }; 
  98:src/stm32f3_discovery.c **** 
  99:src/stm32f3_discovery.c **** const uint32_t BUTTON_CLK[BUTTONn] = {USER_BUTTON_GPIO_CLK };
 100:src/stm32f3_discovery.c **** 
 101:src/stm32f3_discovery.c **** const uint16_t BUTTON_EXTI_LINE[BUTTONn] = {USER_BUTTON_EXTI_LINE };
 102:src/stm32f3_discovery.c **** 
 103:src/stm32f3_discovery.c **** const uint8_t BUTTON_PORT_SOURCE[BUTTONn] = {USER_BUTTON_EXTI_PORT_SOURCE};
 104:src/stm32f3_discovery.c **** 								 
 105:src/stm32f3_discovery.c **** const uint8_t BUTTON_PIN_SOURCE[BUTTONn] = {USER_BUTTON_EXTI_PIN_SOURCE }; 
 106:src/stm32f3_discovery.c **** const uint8_t BUTTON_IRQn[BUTTONn] = {USER_BUTTON_EXTI_IRQn };
 107:src/stm32f3_discovery.c **** 
 108:src/stm32f3_discovery.c **** /**
 109:src/stm32f3_discovery.c ****   * @}
 110:src/stm32f3_discovery.c ****   */ 
 111:src/stm32f3_discovery.c **** 
 112:src/stm32f3_discovery.c **** 
 113:src/stm32f3_discovery.c **** /** @defgroup STM32F3_DISCOVERY_LOW_LEVEL_Private_FunctionPrototypes
 114:src/stm32f3_discovery.c ****   * @{
 115:src/stm32f3_discovery.c ****   */ 
 116:src/stm32f3_discovery.c **** 
 117:src/stm32f3_discovery.c **** /**
 118:src/stm32f3_discovery.c ****   * @}
 119:src/stm32f3_discovery.c ****   */ 
 120:src/stm32f3_discovery.c **** 
 121:src/stm32f3_discovery.c **** /** @defgroup STM32F3_DISCOVERY_LOW_LEVEL_Private_Functions
 122:src/stm32f3_discovery.c ****   * @{
 123:src/stm32f3_discovery.c ****   */ 
 124:src/stm32f3_discovery.c **** 
 125:src/stm32f3_discovery.c **** /**
 126:src/stm32f3_discovery.c ****   * @brief  Configures LED GPIO.
 127:src/stm32f3_discovery.c ****   * @param  Led: Specifies the Led to be configured. 
 128:src/stm32f3_discovery.c ****   *   This parameter can be one of following parameters:
 129:src/stm32f3_discovery.c ****   *     @arg LED3
 130:src/stm32f3_discovery.c ****   *     @arg LED4
 131:src/stm32f3_discovery.c ****   *     @arg LED5
 132:src/stm32f3_discovery.c ****   *     @arg LED6
 133:src/stm32f3_discovery.c ****   *     @arg LED7
 134:src/stm32f3_discovery.c ****   *     @arg LED8
 135:src/stm32f3_discovery.c ****   *     @arg LED9
 136:src/stm32f3_discovery.c ****   *     @arg LED10
 137:src/stm32f3_discovery.c ****   * @retval None
 138:src/stm32f3_discovery.c ****   */
 139:src/stm32f3_discovery.c **** void STM_EVAL_LEDInit(Led_TypeDef Led)
 140:src/stm32f3_discovery.c **** {
 119              		.loc 1 140 0
 120              		.cfi_startproc
 121              		@ args = 0, pretend = 0, frame = 16
 122              		@ frame_needed = 1, uses_anonymous_args = 0
 123 0000 80B5     		push	{r7, lr}
 124              	.LCFI0:
 125              		.cfi_def_cfa_offset 8
 126              		.cfi_offset 7, -8
 127              		.cfi_offset 14, -4
 128 0002 84B0     		sub	sp, sp, #16
 129              	.LCFI1:
 130              		.cfi_def_cfa_offset 24
 131 0004 00AF     		add	r7, sp, #0
 132              	.LCFI2:
 133              		.cfi_def_cfa_register 7
 134 0006 0346     		mov	r3, r0
 135 0008 FB71     		strb	r3, [r7, #7]
 141:src/stm32f3_discovery.c ****   GPIO_InitTypeDef  GPIO_InitStructure;
 142:src/stm32f3_discovery.c ****   
 143:src/stm32f3_discovery.c ****   /* Enable the GPIO_LED Clock */
 144:src/stm32f3_discovery.c ****   RCC_AHBPeriphClockCmd(GPIO_CLK[Led], ENABLE);
 136              		.loc 1 144 0
 137 000a FA79     		ldrb	r2, [r7, #7]	@ zero_extendqisi2
 138 000c 134B     		ldr	r3, .L2
 139 000e 53F82230 		ldr	r3, [r3, r2, lsl #2]
 140 0012 1846     		mov	r0, r3
 141 0014 4FF00101 		mov	r1, #1
 142 0018 FFF7FEFF 		bl	RCC_AHBPeriphClockCmd
 145:src/stm32f3_discovery.c **** 
 146:src/stm32f3_discovery.c ****   /* Configure the GPIO_LED pin */
 147:src/stm32f3_discovery.c ****   GPIO_InitStructure.GPIO_Pin = GPIO_PIN[Led];
 143              		.loc 1 147 0
 144 001c FA79     		ldrb	r2, [r7, #7]	@ zero_extendqisi2
 145 001e 104B     		ldr	r3, .L2+4
 146 0020 33F81230 		ldrh	r3, [r3, r2, lsl #1]
 147 0024 BB60     		str	r3, [r7, #8]
 148:src/stm32f3_discovery.c ****   GPIO_InitStructure.GPIO_Mode = GPIO_Mode_OUT;
 148              		.loc 1 148 0
 149 0026 4FF00103 		mov	r3, #1
 150 002a 3B73     		strb	r3, [r7, #12]
 149:src/stm32f3_discovery.c ****   GPIO_InitStructure.GPIO_OType = GPIO_OType_PP;
 151              		.loc 1 149 0
 152 002c 4FF00003 		mov	r3, #0
 153 0030 BB73     		strb	r3, [r7, #14]
 150:src/stm32f3_discovery.c ****   GPIO_InitStructure.GPIO_PuPd = GPIO_PuPd_UP;
 154              		.loc 1 150 0
 155 0032 4FF00103 		mov	r3, #1
 156 0036 FB73     		strb	r3, [r7, #15]
 151:src/stm32f3_discovery.c ****   GPIO_InitStructure.GPIO_Speed = GPIO_Speed_50MHz;
 157              		.loc 1 151 0
 158 0038 4FF00303 		mov	r3, #3
 159 003c 7B73     		strb	r3, [r7, #13]
 152:src/stm32f3_discovery.c ****   GPIO_Init(GPIO_PORT[Led], &GPIO_InitStructure);
 160              		.loc 1 152 0
 161 003e FA79     		ldrb	r2, [r7, #7]	@ zero_extendqisi2
 162 0040 084B     		ldr	r3, .L2+8
 163 0042 53F82220 		ldr	r2, [r3, r2, lsl #2]
 164 0046 07F10803 		add	r3, r7, #8
 165 004a 1046     		mov	r0, r2
 166 004c 1946     		mov	r1, r3
 167 004e FFF7FEFF 		bl	GPIO_Init
 153:src/stm32f3_discovery.c **** }
 168              		.loc 1 153 0
 169 0052 07F11007 		add	r7, r7, #16
 170 0056 BD46     		mov	sp, r7
 171 0058 80BD     		pop	{r7, pc}
 172              	.L3:
 173 005a 00BF     		.align	2
 174              	.L2:
 175 005c 00000000 		.word	GPIO_CLK
 176 0060 00000000 		.word	GPIO_PIN
 177 0064 00000000 		.word	GPIO_PORT
 178              		.cfi_endproc
 179              	.LFE110:
 181              		.section	.text.STM_EVAL_LEDOn,"ax",%progbits
 182              		.align	2
 183              		.global	STM_EVAL_LEDOn
 184              		.thumb
 185              		.thumb_func
 187              	STM_EVAL_LEDOn:
 188              	.LFB111:
 154:src/stm32f3_discovery.c **** 
 155:src/stm32f3_discovery.c **** /**
 156:src/stm32f3_discovery.c ****   * @brief  Turns selected LED On.
 157:src/stm32f3_discovery.c ****   * @param  Led: Specifies the Led to be set on. 
 158:src/stm32f3_discovery.c ****   *   This parameter can be one of following parameters:
 159:src/stm32f3_discovery.c ****   *     @arg LED3
 160:src/stm32f3_discovery.c ****   *     @arg LED4
 161:src/stm32f3_discovery.c ****   *     @arg LED5
 162:src/stm32f3_discovery.c ****   *     @arg LED6
 163:src/stm32f3_discovery.c ****   *     @arg LED7
 164:src/stm32f3_discovery.c ****   *     @arg LED8
 165:src/stm32f3_discovery.c ****   *     @arg LED9
 166:src/stm32f3_discovery.c ****   *     @arg LED10
 167:src/stm32f3_discovery.c ****   * @retval None
 168:src/stm32f3_discovery.c ****   */
 169:src/stm32f3_discovery.c **** void STM_EVAL_LEDOn(Led_TypeDef Led)
 170:src/stm32f3_discovery.c **** {
 189              		.loc 1 170 0
 190              		.cfi_startproc
 191              		@ args = 0, pretend = 0, frame = 8
 192              		@ frame_needed = 1, uses_anonymous_args = 0
 193              		@ link register save eliminated.
 194 0000 80B4     		push	{r7}
 195              	.LCFI3:
 196              		.cfi_def_cfa_offset 4
 197              		.cfi_offset 7, -4
 198 0002 83B0     		sub	sp, sp, #12
 199              	.LCFI4:
 200              		.cfi_def_cfa_offset 16
 201 0004 00AF     		add	r7, sp, #0
 202              	.LCFI5:
 203              		.cfi_def_cfa_register 7
 204 0006 0346     		mov	r3, r0
 205 0008 FB71     		strb	r3, [r7, #7]
 171:src/stm32f3_discovery.c ****   GPIO_PORT[Led]->BSRR = GPIO_PIN[Led];
 206              		.loc 1 171 0
 207 000a FA79     		ldrb	r2, [r7, #7]	@ zero_extendqisi2
 208 000c 064B     		ldr	r3, .L5
 209 000e 53F82230 		ldr	r3, [r3, r2, lsl #2]
 210 0012 F979     		ldrb	r1, [r7, #7]	@ zero_extendqisi2
 211 0014 054A     		ldr	r2, .L5+4
 212 0016 32F81120 		ldrh	r2, [r2, r1, lsl #1]
 213 001a 9A61     		str	r2, [r3, #24]
 172:src/stm32f3_discovery.c **** }
 214              		.loc 1 172 0
 215 001c 07F10C07 		add	r7, r7, #12
 216 0020 BD46     		mov	sp, r7
 217 0022 80BC     		pop	{r7}
 218 0024 7047     		bx	lr
 219              	.L6:
 220 0026 00BF     		.align	2
 221              	.L5:
 222 0028 00000000 		.word	GPIO_PORT
 223 002c 00000000 		.word	GPIO_PIN
 224              		.cfi_endproc
 225              	.LFE111:
 227              		.section	.text.STM_EVAL_LEDOff,"ax",%progbits
 228              		.align	2
 229              		.global	STM_EVAL_LEDOff
 230              		.thumb
 231              		.thumb_func
 233              	STM_EVAL_LEDOff:
 234              	.LFB112:
 173:src/stm32f3_discovery.c **** 
 174:src/stm32f3_discovery.c **** /**
 175:src/stm32f3_discovery.c ****   * @brief  Turns selected LED Off.
 176:src/stm32f3_discovery.c ****   * @param  Led: Specifies the Led to be set off. 
 177:src/stm32f3_discovery.c ****   *   This parameter can be one of following parameters:
 178:src/stm32f3_discovery.c ****   *     @arg LED3
 179:src/stm32f3_discovery.c ****   *     @arg LED4
 180:src/stm32f3_discovery.c ****   *     @arg LED5
 181:src/stm32f3_discovery.c ****   *     @arg LED6
 182:src/stm32f3_discovery.c ****   *     @arg LED7
 183:src/stm32f3_discovery.c ****   *     @arg LED8
 184:src/stm32f3_discovery.c ****   *     @arg LED9
 185:src/stm32f3_discovery.c ****   *     @arg LED10
 186:src/stm32f3_discovery.c ****   * @retval None
 187:src/stm32f3_discovery.c ****   */
 188:src/stm32f3_discovery.c **** void STM_EVAL_LEDOff(Led_TypeDef Led)
 189:src/stm32f3_discovery.c **** {
 235              		.loc 1 189 0
 236              		.cfi_startproc
 237              		@ args = 0, pretend = 0, frame = 8
 238              		@ frame_needed = 1, uses_anonymous_args = 0
 239              		@ link register save eliminated.
 240 0000 80B4     		push	{r7}
 241              	.LCFI6:
 242              		.cfi_def_cfa_offset 4
 243              		.cfi_offset 7, -4
 244 0002 83B0     		sub	sp, sp, #12
 245              	.LCFI7:
 246              		.cfi_def_cfa_offset 16
 247 0004 00AF     		add	r7, sp, #0
 248              	.LCFI8:
 249              		.cfi_def_cfa_register 7
 250 0006 0346     		mov	r3, r0
 251 0008 FB71     		strb	r3, [r7, #7]
 190:src/stm32f3_discovery.c ****   GPIO_PORT[Led]->BRR = GPIO_PIN[Led];  
 252              		.loc 1 190 0
 253 000a FA79     		ldrb	r2, [r7, #7]	@ zero_extendqisi2
 254 000c 064B     		ldr	r3, .L8
 255 000e 53F82230 		ldr	r3, [r3, r2, lsl #2]
 256 0012 F979     		ldrb	r1, [r7, #7]	@ zero_extendqisi2
 257 0014 054A     		ldr	r2, .L8+4
 258 0016 32F81120 		ldrh	r2, [r2, r1, lsl #1]
 259 001a 1A85     		strh	r2, [r3, #40]	@ movhi
 191:src/stm32f3_discovery.c **** }
 260              		.loc 1 191 0
 261 001c 07F10C07 		add	r7, r7, #12
 262 0020 BD46     		mov	sp, r7
 263 0022 80BC     		pop	{r7}
 264 0024 7047     		bx	lr
 265              	.L9:
 266 0026 00BF     		.align	2
 267              	.L8:
 268 0028 00000000 		.word	GPIO_PORT
 269 002c 00000000 		.word	GPIO_PIN
 270              		.cfi_endproc
 271              	.LFE112:
 273              		.section	.text.STM_EVAL_LEDToggle,"ax",%progbits
 274              		.align	2
 275              		.global	STM_EVAL_LEDToggle
 276              		.thumb
 277              		.thumb_func
 279              	STM_EVAL_LEDToggle:
 280              	.LFB113:
 192:src/stm32f3_discovery.c **** 
 193:src/stm32f3_discovery.c **** /**
 194:src/stm32f3_discovery.c ****   * @brief  Toggles the selected LED.
 195:src/stm32f3_discovery.c ****   * @param  Led: Specifies the Led to be toggled. 
 196:src/stm32f3_discovery.c ****   *   This parameter can be one of following parameters:
 197:src/stm32f3_discovery.c ****   *     @arg LED3
 198:src/stm32f3_discovery.c ****   *     @arg LED4
 199:src/stm32f3_discovery.c ****   *     @arg LED5
 200:src/stm32f3_discovery.c ****   *     @arg LED6
 201:src/stm32f3_discovery.c ****   *     @arg LED7
 202:src/stm32f3_discovery.c ****   *     @arg LED8
 203:src/stm32f3_discovery.c ****   *     @arg LED9
 204:src/stm32f3_discovery.c ****   *     @arg LED10
 205:src/stm32f3_discovery.c ****   * @retval None
 206:src/stm32f3_discovery.c ****   */
 207:src/stm32f3_discovery.c **** void STM_EVAL_LEDToggle(Led_TypeDef Led)
 208:src/stm32f3_discovery.c **** {
 281              		.loc 1 208 0
 282              		.cfi_startproc
 283              		@ args = 0, pretend = 0, frame = 8
 284              		@ frame_needed = 1, uses_anonymous_args = 0
 285              		@ link register save eliminated.
 286 0000 80B4     		push	{r7}
 287              	.LCFI9:
 288              		.cfi_def_cfa_offset 4
 289              		.cfi_offset 7, -4
 290 0002 83B0     		sub	sp, sp, #12
 291              	.LCFI10:
 292              		.cfi_def_cfa_offset 16
 293 0004 00AF     		add	r7, sp, #0
 294              	.LCFI11:
 295              		.cfi_def_cfa_register 7
 296 0006 0346     		mov	r3, r0
 297 0008 FB71     		strb	r3, [r7, #7]
 209:src/stm32f3_discovery.c ****   GPIO_PORT[Led]->ODR ^= GPIO_PIN[Led];
 298              		.loc 1 209 0
 299 000a FA79     		ldrb	r2, [r7, #7]	@ zero_extendqisi2
 300 000c 0A4B     		ldr	r3, .L11
 301 000e 53F82230 		ldr	r3, [r3, r2, lsl #2]
 302 0012 F979     		ldrb	r1, [r7, #7]	@ zero_extendqisi2
 303 0014 084A     		ldr	r2, .L11
 304 0016 52F82120 		ldr	r2, [r2, r1, lsl #2]
 305 001a 928A     		ldrh	r2, [r2, #20]	@ movhi
 306 001c 91B2     		uxth	r1, r2
 307 001e F879     		ldrb	r0, [r7, #7]	@ zero_extendqisi2
 308 0020 064A     		ldr	r2, .L11+4
 309 0022 32F81020 		ldrh	r2, [r2, r0, lsl #1]
 310 0026 4A40     		eors	r2, r2, r1
 311 0028 92B2     		uxth	r2, r2
 312 002a 9A82     		strh	r2, [r3, #20]	@ movhi
 210:src/stm32f3_discovery.c **** }
 313              		.loc 1 210 0
 314 002c 07F10C07 		add	r7, r7, #12
 315 0030 BD46     		mov	sp, r7
 316 0032 80BC     		pop	{r7}
 317 0034 7047     		bx	lr
 318              	.L12:
 319 0036 00BF     		.align	2
 320              	.L11:
 321 0038 00000000 		.word	GPIO_PORT
 322 003c 00000000 		.word	GPIO_PIN
 323              		.cfi_endproc
 324              	.LFE113:
 326              		.section	.text.STM_EVAL_PBInit,"ax",%progbits
 327              		.align	2
 328              		.global	STM_EVAL_PBInit
 329              		.thumb
 330              		.thumb_func
 332              	STM_EVAL_PBInit:
 333              	.LFB114:
 211:src/stm32f3_discovery.c **** 
 212:src/stm32f3_discovery.c **** /**
 213:src/stm32f3_discovery.c ****   * @brief  Configures Button GPIO and EXTI Line.
 214:src/stm32f3_discovery.c ****   * @param  Button: Specifies the Button to be configured.
 215:src/stm32f3_discovery.c ****   *   This parameter should be: BUTTON_USER
 216:src/stm32f3_discovery.c ****   * @param  Button_Mode: Specifies Button mode.
 217:src/stm32f3_discovery.c ****   *   This parameter can be one of following parameters:   
 218:src/stm32f3_discovery.c ****   *     @arg BUTTON_MODE_GPIO: Button will be used as simple IO 
 219:src/stm32f3_discovery.c ****   *     @arg BUTTON_MODE_EXTI: Button will be connected to EXTI line with interrupt
 220:src/stm32f3_discovery.c ****   *                            generation capability  
 221:src/stm32f3_discovery.c ****   * @retval None
 222:src/stm32f3_discovery.c ****   */
 223:src/stm32f3_discovery.c **** void STM_EVAL_PBInit(Button_TypeDef Button, ButtonMode_TypeDef Button_Mode)
 224:src/stm32f3_discovery.c **** {
 334              		.loc 1 224 0
 335              		.cfi_startproc
 336              		@ args = 0, pretend = 0, frame = 32
 337              		@ frame_needed = 1, uses_anonymous_args = 0
 338 0000 80B5     		push	{r7, lr}
 339              	.LCFI12:
 340              		.cfi_def_cfa_offset 8
 341              		.cfi_offset 7, -8
 342              		.cfi_offset 14, -4
 343 0002 88B0     		sub	sp, sp, #32
 344              	.LCFI13:
 345              		.cfi_def_cfa_offset 40
 346 0004 00AF     		add	r7, sp, #0
 347              	.LCFI14:
 348              		.cfi_def_cfa_register 7
 349 0006 0246     		mov	r2, r0
 350 0008 0B46     		mov	r3, r1
 351 000a FA71     		strb	r2, [r7, #7]
 352 000c BB71     		strb	r3, [r7, #6]
 225:src/stm32f3_discovery.c ****   GPIO_InitTypeDef GPIO_InitStructure;
 226:src/stm32f3_discovery.c ****   EXTI_InitTypeDef EXTI_InitStructure;
 227:src/stm32f3_discovery.c ****   NVIC_InitTypeDef NVIC_InitStructure;
 228:src/stm32f3_discovery.c **** 
 229:src/stm32f3_discovery.c ****   /* Enable the BUTTON Clock */
 230:src/stm32f3_discovery.c ****   RCC_AHBPeriphClockCmd(BUTTON_CLK[Button], ENABLE);
 353              		.loc 1 230 0
 354 000e FA79     		ldrb	r2, [r7, #7]	@ zero_extendqisi2
 355 0010 2C4B     		ldr	r3, .L15
 356 0012 53F82230 		ldr	r3, [r3, r2, lsl #2]
 357 0016 1846     		mov	r0, r3
 358 0018 4FF00101 		mov	r1, #1
 359 001c FFF7FEFF 		bl	RCC_AHBPeriphClockCmd
 231:src/stm32f3_discovery.c ****   RCC_APB2PeriphClockCmd(RCC_APB2Periph_SYSCFG, ENABLE);
 360              		.loc 1 231 0
 361 0020 4FF00100 		mov	r0, #1
 362 0024 4FF00101 		mov	r1, #1
 363 0028 FFF7FEFF 		bl	RCC_APB2PeriphClockCmd
 232:src/stm32f3_discovery.c **** 
 233:src/stm32f3_discovery.c ****   /* Configure Button pin as input */
 234:src/stm32f3_discovery.c ****   GPIO_InitStructure.GPIO_Mode = GPIO_Mode_IN;
 364              		.loc 1 234 0
 365 002c 4FF00003 		mov	r3, #0
 366 0030 3B77     		strb	r3, [r7, #28]
 235:src/stm32f3_discovery.c ****   GPIO_InitStructure.GPIO_PuPd = GPIO_PuPd_NOPULL;
 367              		.loc 1 235 0
 368 0032 4FF00003 		mov	r3, #0
 369 0036 FB77     		strb	r3, [r7, #31]
 236:src/stm32f3_discovery.c ****   GPIO_InitStructure.GPIO_Pin = BUTTON_PIN[Button];
 370              		.loc 1 236 0
 371 0038 FA79     		ldrb	r2, [r7, #7]	@ zero_extendqisi2
 372 003a 234B     		ldr	r3, .L15+4
 373 003c 33F81230 		ldrh	r3, [r3, r2, lsl #1]
 374 0040 BB61     		str	r3, [r7, #24]
 237:src/stm32f3_discovery.c ****   GPIO_Init(BUTTON_PORT[Button], &GPIO_InitStructure);
 375              		.loc 1 237 0
 376 0042 FA79     		ldrb	r2, [r7, #7]	@ zero_extendqisi2
 377 0044 214B     		ldr	r3, .L15+8
 378 0046 53F82220 		ldr	r2, [r3, r2, lsl #2]
 379 004a 07F11803 		add	r3, r7, #24
 380 004e 1046     		mov	r0, r2
 381 0050 1946     		mov	r1, r3
 382 0052 FFF7FEFF 		bl	GPIO_Init
 238:src/stm32f3_discovery.c **** 
 239:src/stm32f3_discovery.c ****   if (Button_Mode == BUTTON_MODE_EXTI)
 383              		.loc 1 239 0
 384 0056 BB79     		ldrb	r3, [r7, #6]	@ zero_extendqisi2
 385 0058 012B     		cmp	r3, #1
 386 005a 2ED1     		bne	.L13
 240:src/stm32f3_discovery.c ****   {
 241:src/stm32f3_discovery.c ****     /* Connect Button EXTI Line to Button GPIO Pin */
 242:src/stm32f3_discovery.c ****     SYSCFG_EXTILineConfig(BUTTON_PORT_SOURCE[Button], BUTTON_PIN_SOURCE[Button]);
 387              		.loc 1 242 0
 388 005c FB79     		ldrb	r3, [r7, #7]	@ zero_extendqisi2
 389 005e 1C4A     		ldr	r2, .L15+12
 390 0060 D25C     		ldrb	r2, [r2, r3]	@ zero_extendqisi2
 391 0062 FB79     		ldrb	r3, [r7, #7]	@ zero_extendqisi2
 392 0064 1B49     		ldr	r1, .L15+16
 393 0066 CB5C     		ldrb	r3, [r1, r3]	@ zero_extendqisi2
 394 0068 1046     		mov	r0, r2
 395 006a 1946     		mov	r1, r3
 396 006c FFF7FEFF 		bl	SYSCFG_EXTILineConfig
 243:src/stm32f3_discovery.c **** 
 244:src/stm32f3_discovery.c ****     /* Configure Button EXTI line */
 245:src/stm32f3_discovery.c ****     EXTI_InitStructure.EXTI_Line = BUTTON_EXTI_LINE[Button];
 397              		.loc 1 245 0
 398 0070 FA79     		ldrb	r2, [r7, #7]	@ zero_extendqisi2
 399 0072 194B     		ldr	r3, .L15+20
 400 0074 33F81230 		ldrh	r3, [r3, r2, lsl #1]
 401 0078 3B61     		str	r3, [r7, #16]
 246:src/stm32f3_discovery.c ****     EXTI_InitStructure.EXTI_Mode = EXTI_Mode_Interrupt;
 402              		.loc 1 246 0
 403 007a 4FF00003 		mov	r3, #0
 404 007e 3B75     		strb	r3, [r7, #20]
 247:src/stm32f3_discovery.c ****     EXTI_InitStructure.EXTI_Trigger = EXTI_Trigger_Rising;  
 405              		.loc 1 247 0
 406 0080 4FF00803 		mov	r3, #8
 407 0084 7B75     		strb	r3, [r7, #21]
 248:src/stm32f3_discovery.c ****     EXTI_InitStructure.EXTI_LineCmd = ENABLE;
 408              		.loc 1 248 0
 409 0086 4FF00103 		mov	r3, #1
 410 008a BB75     		strb	r3, [r7, #22]
 249:src/stm32f3_discovery.c ****     EXTI_Init(&EXTI_InitStructure);
 411              		.loc 1 249 0
 412 008c 07F11003 		add	r3, r7, #16
 413 0090 1846     		mov	r0, r3
 414 0092 FFF7FEFF 		bl	EXTI_Init
 250:src/stm32f3_discovery.c **** 
 251:src/stm32f3_discovery.c ****     /* Enable and set Button EXTI Interrupt to the lowest priority */
 252:src/stm32f3_discovery.c ****     NVIC_InitStructure.NVIC_IRQChannel = BUTTON_IRQn[Button];
 415              		.loc 1 252 0
 416 0096 FB79     		ldrb	r3, [r7, #7]	@ zero_extendqisi2
 417 0098 104A     		ldr	r2, .L15+24
 418 009a D35C     		ldrb	r3, [r2, r3]	@ zero_extendqisi2
 419 009c 3B73     		strb	r3, [r7, #12]
 253:src/stm32f3_discovery.c ****     NVIC_InitStructure.NVIC_IRQChannelPreemptionPriority = 0x0F;
 420              		.loc 1 253 0
 421 009e 4FF00F03 		mov	r3, #15
 422 00a2 7B73     		strb	r3, [r7, #13]
 254:src/stm32f3_discovery.c ****     NVIC_InitStructure.NVIC_IRQChannelSubPriority = 0x0F;
 423              		.loc 1 254 0
 424 00a4 4FF00F03 		mov	r3, #15
 425 00a8 BB73     		strb	r3, [r7, #14]
 255:src/stm32f3_discovery.c ****     NVIC_InitStructure.NVIC_IRQChannelCmd = ENABLE;
 426              		.loc 1 255 0
 427 00aa 4FF00103 		mov	r3, #1
 428 00ae FB73     		strb	r3, [r7, #15]
 256:src/stm32f3_discovery.c **** 
 257:src/stm32f3_discovery.c ****     NVIC_Init(&NVIC_InitStructure); 
 429              		.loc 1 257 0
 430 00b0 07F10C03 		add	r3, r7, #12
 431 00b4 1846     		mov	r0, r3
 432 00b6 FFF7FEFF 		bl	NVIC_Init
 433              	.L13:
 258:src/stm32f3_discovery.c ****   }
 259:src/stm32f3_discovery.c **** }
 434              		.loc 1 259 0
 435 00ba 07F12007 		add	r7, r7, #32
 436 00be BD46     		mov	sp, r7
 437 00c0 80BD     		pop	{r7, pc}
 438              	.L16:
 439 00c2 00BF     		.align	2
 440              	.L15:
 441 00c4 00000000 		.word	BUTTON_CLK
 442 00c8 00000000 		.word	BUTTON_PIN
 443 00cc 00000000 		.word	BUTTON_PORT
 444 00d0 00000000 		.word	BUTTON_PORT_SOURCE
 445 00d4 00000000 		.word	BUTTON_PIN_SOURCE
 446 00d8 00000000 		.word	BUTTON_EXTI_LINE
 447 00dc 00000000 		.word	BUTTON_IRQn
 448              		.cfi_endproc
 449              	.LFE114:
 451              		.section	.text.STM_EVAL_PBGetState,"ax",%progbits
 452              		.align	2
 453              		.global	STM_EVAL_PBGetState
 454              		.thumb
 455              		.thumb_func
 457              	STM_EVAL_PBGetState:
 458              	.LFB115:
 260:src/stm32f3_discovery.c **** 
 261:src/stm32f3_discovery.c **** /**
 262:src/stm32f3_discovery.c ****   * @brief  Returns the selected Button state.
 263:src/stm32f3_discovery.c ****   * @param  Button: Specifies the Button to be checked.
 264:src/stm32f3_discovery.c ****   *   This parameter should be: BUTTON_USER  
 265:src/stm32f3_discovery.c ****   * @retval The Button GPIO pin value.
 266:src/stm32f3_discovery.c ****   */
 267:src/stm32f3_discovery.c **** uint32_t STM_EVAL_PBGetState(Button_TypeDef Button)
 268:src/stm32f3_discovery.c **** {
 459              		.loc 1 268 0
 460              		.cfi_startproc
 461              		@ args = 0, pretend = 0, frame = 8
 462              		@ frame_needed = 1, uses_anonymous_args = 0
 463 0000 80B5     		push	{r7, lr}
 464              	.LCFI15:
 465              		.cfi_def_cfa_offset 8
 466              		.cfi_offset 7, -8
 467              		.cfi_offset 14, -4
 468 0002 82B0     		sub	sp, sp, #8
 469              	.LCFI16:
 470              		.cfi_def_cfa_offset 16
 471 0004 00AF     		add	r7, sp, #0
 472              	.LCFI17:
 473              		.cfi_def_cfa_register 7
 474 0006 0346     		mov	r3, r0
 475 0008 FB71     		strb	r3, [r7, #7]
 269:src/stm32f3_discovery.c ****   return GPIO_ReadInputDataBit(BUTTON_PORT[Button], BUTTON_PIN[Button]);
 476              		.loc 1 269 0
 477 000a FA79     		ldrb	r2, [r7, #7]	@ zero_extendqisi2
 478 000c 084B     		ldr	r3, .L19
 479 000e 53F82220 		ldr	r2, [r3, r2, lsl #2]
 480 0012 F979     		ldrb	r1, [r7, #7]	@ zero_extendqisi2
 481 0014 074B     		ldr	r3, .L19+4
 482 0016 33F81130 		ldrh	r3, [r3, r1, lsl #1]
 483 001a 1046     		mov	r0, r2
 484 001c 1946     		mov	r1, r3
 485 001e FFF7FEFF 		bl	GPIO_ReadInputDataBit
 486 0022 0346     		mov	r3, r0
 270:src/stm32f3_discovery.c **** }
 487              		.loc 1 270 0
 488 0024 1846     		mov	r0, r3
 489 0026 07F10807 		add	r7, r7, #8
 490 002a BD46     		mov	sp, r7
 491 002c 80BD     		pop	{r7, pc}
 492              	.L20:
 493 002e 00BF     		.align	2
 494              	.L19:
 495 0030 00000000 		.word	BUTTON_PORT
 496 0034 00000000 		.word	BUTTON_PIN
 497              		.cfi_endproc
 498              	.LFE115:
 500              		.text
 501              	.Letext0:
 502              		.file 2 "/home/chaitannya/CodeSourcery/bin/../lib/gcc/arm-none-eabi/4.7.3/../../../../arm-none-eab
 503              		.file 3 "inc/stm32f30x.h"
 504              		.file 4 "src/stm32f3_discovery.h"
 505              		.file 5 "/home/manish/VTS/MEMS-stm32f3/libs/STM32F30x_StdPeriph_Driver/inc/stm32f30x_gpio.h"
 506              		.file 6 "/home/manish/VTS/MEMS-stm32f3/libs/STM32F30x_StdPeriph_Driver/inc/stm32f30x_misc.h"
 507              		.file 7 "/home/manish/VTS/MEMS-stm32f3/libs/STM32F30x_StdPeriph_Driver/inc/stm32f30x_exti.h"
 508              		.file 8 "inc/core_cm4.h"
DEFINED SYMBOLS
                            *ABS*:00000000 stm32f3_discovery.c
     /tmp/ccTuw7ET.s:24     .data.GPIO_PORT:00000000 GPIO_PORT
     /tmp/ccTuw7ET.s:21     .data.GPIO_PORT:00000000 $d
     /tmp/ccTuw7ET.s:38     .rodata.GPIO_PIN:00000000 GPIO_PIN
     /tmp/ccTuw7ET.s:35     .rodata.GPIO_PIN:00000000 $d
     /tmp/ccTuw7ET.s:52     .rodata.GPIO_CLK:00000000 GPIO_CLK
     /tmp/ccTuw7ET.s:49     .rodata.GPIO_CLK:00000000 $d
     /tmp/ccTuw7ET.s:66     .data.BUTTON_PORT:00000000 BUTTON_PORT
     /tmp/ccTuw7ET.s:63     .data.BUTTON_PORT:00000000 $d
     /tmp/ccTuw7ET.s:73     .rodata.BUTTON_PIN:00000000 BUTTON_PIN
     /tmp/ccTuw7ET.s:70     .rodata.BUTTON_PIN:00000000 $d
     /tmp/ccTuw7ET.s:80     .rodata.BUTTON_CLK:00000000 BUTTON_CLK
     /tmp/ccTuw7ET.s:77     .rodata.BUTTON_CLK:00000000 $d
     /tmp/ccTuw7ET.s:87     .rodata.BUTTON_EXTI_LINE:00000000 BUTTON_EXTI_LINE
     /tmp/ccTuw7ET.s:84     .rodata.BUTTON_EXTI_LINE:00000000 $d
     /tmp/ccTuw7ET.s:94     .rodata.BUTTON_PORT_SOURCE:00000000 BUTTON_PORT_SOURCE
     /tmp/ccTuw7ET.s:91     .rodata.BUTTON_PORT_SOURCE:00000000 $d
     /tmp/ccTuw7ET.s:101    .rodata.BUTTON_PIN_SOURCE:00000000 BUTTON_PIN_SOURCE
     /tmp/ccTuw7ET.s:98     .rodata.BUTTON_PIN_SOURCE:00000000 $d
     /tmp/ccTuw7ET.s:108    .rodata.BUTTON_IRQn:00000000 BUTTON_IRQn
     /tmp/ccTuw7ET.s:105    .rodata.BUTTON_IRQn:00000000 $d
     /tmp/ccTuw7ET.s:111    .text.STM_EVAL_LEDInit:00000000 $t
     /tmp/ccTuw7ET.s:116    .text.STM_EVAL_LEDInit:00000000 STM_EVAL_LEDInit
     /tmp/ccTuw7ET.s:175    .text.STM_EVAL_LEDInit:0000005c $d
     /tmp/ccTuw7ET.s:182    .text.STM_EVAL_LEDOn:00000000 $t
     /tmp/ccTuw7ET.s:187    .text.STM_EVAL_LEDOn:00000000 STM_EVAL_LEDOn
     /tmp/ccTuw7ET.s:222    .text.STM_EVAL_LEDOn:00000028 $d
     /tmp/ccTuw7ET.s:228    .text.STM_EVAL_LEDOff:00000000 $t
     /tmp/ccTuw7ET.s:233    .text.STM_EVAL_LEDOff:00000000 STM_EVAL_LEDOff
     /tmp/ccTuw7ET.s:268    .text.STM_EVAL_LEDOff:00000028 $d
     /tmp/ccTuw7ET.s:274    .text.STM_EVAL_LEDToggle:00000000 $t
     /tmp/ccTuw7ET.s:279    .text.STM_EVAL_LEDToggle:00000000 STM_EVAL_LEDToggle
     /tmp/ccTuw7ET.s:321    .text.STM_EVAL_LEDToggle:00000038 $d
     /tmp/ccTuw7ET.s:327    .text.STM_EVAL_PBInit:00000000 $t
     /tmp/ccTuw7ET.s:332    .text.STM_EVAL_PBInit:00000000 STM_EVAL_PBInit
     /tmp/ccTuw7ET.s:441    .text.STM_EVAL_PBInit:000000c4 $d
     /tmp/ccTuw7ET.s:452    .text.STM_EVAL_PBGetState:00000000 $t
     /tmp/ccTuw7ET.s:457    .text.STM_EVAL_PBGetState:00000000 STM_EVAL_PBGetState
     /tmp/ccTuw7ET.s:495    .text.STM_EVAL_PBGetState:00000030 $d
                     .debug_frame:00000010 $d

UNDEFINED SYMBOLS
RCC_AHBPeriphClockCmd
GPIO_Init
RCC_APB2PeriphClockCmd
SYSCFG_EXTILineConfig
EXTI_Init
NVIC_Init
GPIO_ReadInputDataBit
